2026-01-27 10:51:03,912 - openevolve.controller - INFO - Logging to /home/l00936201/AscendC-copliot/openevolve/optimization/activation/swi_glu/test_swi_glu/logs/openevolve_20260127_105103.log
2026-01-27 10:51:03,912 - openevolve.controller - INFO - Set random seed to 42 for reproducibility
2026-01-27 10:51:03,950 - openevolve.llm.openai - INFO - Initialized OpenAI LLM with model: deepseek-v3
2026-01-27 10:51:03,958 - openevolve.llm.ensemble - INFO - Initialized LLM ensemble with models: deepseek-v3 (weight: 0.80), deepseek-v3 (weight: 0.20)
2026-01-27 10:51:03,976 - openevolve.llm.ensemble - INFO - Initialized LLM ensemble with models: deepseek-v3 (weight: 0.80), deepseek-v3 (weight: 0.20)
2026-01-27 10:51:03,976 - openevolve.prompt.sampler - INFO - Initialized prompt sampler
2026-01-27 10:51:03,977 - openevolve.prompt.sampler - INFO - Set custom templates: system=evaluator_system_message, user=None
2026-01-27 10:51:03,977 - openevolve.database - INFO - Initialized program database with 0 programs
2026-01-27 10:51:03,984 - openevolve.evaluator - INFO - Successfully loaded evaluation function from /home/l00936201/AscendC-copliot/openevolve/optimization/eval_test.py
2026-01-27 10:51:03,984 - openevolve.evaluator - INFO - Initialized evaluator with /home/l00936201/AscendC-copliot/openevolve/optimization/eval_test.py
2026-01-27 10:51:03,984 - openevolve.controller - INFO - Initialized OpenEvolve with /home/l00936201/AscendC-copliot/openevolve/operators/swi_glu/intitial.cpp
2026-01-27 10:51:03,985 - openevolve.controller - INFO - Adding initial program to database
2026-01-27 10:51:03,988 - eval_operator - INFO - ================================================================================
2026-01-27 10:51:03,988 - eval_operator - INFO - BEGIN eval: category=activation op_name=swi_glu
2026-01-27 10:51:03,988 - eval_operator - INFO - BASE_OPS_NN_ROOT: /home/l00936201/AscendC-copliot/ops-x/ops-nn
2026-01-27 10:51:03,988 - eval_operator - INFO - TMP_PARENT:       /home/l00936201/AscendC-copliot/tmp
2026-01-27 10:51:03,988 - eval_operator - INFO - MSPROF_BIN:       /usr/local/Ascend/ascend-toolkit/latest/tools/profiler/bin/msprof
2026-01-27 10:51:03,988 - eval_operator - INFO - python_code_path: /home/l00936201/AscendC-copliot/openevolve/optimization/ut/test_swi_glu.py
2026-01-27 10:51:03,988 - eval_operator - INFO - kernel_files: []
2026-01-27 10:51:03,988 - eval_operator - INFO - host_files:   ['swi_glu_tiling.cpp']
2026-01-27 10:51:03,988 - eval_operator - INFO - Locating operator dir: /home/l00936201/AscendC-copliot/ops-x/ops-nn/activation/swi_glu
2026-01-27 10:51:03,988 - eval_operator - INFO - Verifying requested replacement files exist in BASE tree...
2026-01-27 10:51:03,989 - eval_operator - INFO - Host dir:   /home/l00936201/AscendC-copliot/ops-x/ops-nn/activation/swi_glu/op_host
2026-01-27 10:51:03,989 - eval_operator - INFO - Verify host file exists (recursive): swi_glu_tiling.cpp -> /home/l00936201/AscendC-copliot/ops-x/ops-nn/activation/swi_glu/op_host/swi_glu_tiling.cpp
2026-01-27 10:51:03,989 - eval_operator - INFO - Copy base tree:
  FROM: /home/l00936201/AscendC-copliot/ops-x/ops-nn
  TO:   /home/l00936201/AscendC-copliot/tmp/ops_nn_88802d2acb5143958988e27c4c6c66d0/ops-nn-master
2026-01-27 10:51:05,962 - eval_operator - INFO - TMP ops root created: /home/l00936201/AscendC-copliot/tmp/ops_nn_88802d2acb5143958988e27c4c6c66d0/ops-nn-master
2026-01-27 10:51:05,963 - eval_operator - INFO - Replacing files in TMP operator dir: /home/l00936201/AscendC-copliot/tmp/ops_nn_88802d2acb5143958988e27c4c6c66d0/ops-nn-master/activation/swi_glu
2026-01-27 10:51:05,964 - eval_operator - INFO - Replace host file: swi_glu_tiling.cpp -> /home/l00936201/AscendC-copliot/tmp/ops_nn_88802d2acb5143958988e27c4c6c66d0/ops-nn-master/activation/swi_glu/op_host/swi_glu_tiling.cpp (len=25675 chars)
2026-01-27 10:51:05,965 - eval_operator - INFO - Staging python code into TMP test_duration:
  src: /home/l00936201/AscendC-copliot/openevolve/optimization/ut/test_swi_glu.py
2026-01-27 10:51:05,965 - eval_operator - INFO -   dst: /home/l00936201/AscendC-copliot/tmp/ops_nn_88802d2acb5143958988e27c4c6c66d0/ops-nn-master/test_duration/test_swi_glu.py
2026-01-27 10:51:05,965 - eval_operator - INFO - Cleaning build directories in TMP root: /home/l00936201/AscendC-copliot/tmp/ops_nn_88802d2acb5143958988e27c4c6c66d0/ops-nn-master
2026-01-27 10:51:05,966 - eval_operator - INFO -   No build* directories found to remove.
2026-01-27 10:51:05,966 - eval_operator - INFO - Building operator 'swi_glu' ...
2026-01-27 10:51:05,966 - eval_operator - INFO - Run cmd:
  cwd: /home/l00936201/AscendC-copliot/tmp/ops_nn_88802d2acb5143958988e27c4c6c66d0/ops-nn-master
  cmd: bash build.sh --pkg --soc=ascend910_93 --ops=swi_glu --vendor_name=swi_glu
2026-01-27 10:51:06,653 - eval_operator - INFO - Command return code: 1
2026-01-27 10:51:06,653 - eval_operator - INFO - --- STDOUT (head) ---
[2026-01-27 10:51:06] COMPUTE_UNIT: ascend910_93;
[2026-01-27 10:51:06] CMAKE_ARGS: -DBUILD_PATH=/home/l00936201/AscendC-copliot/tmp/ops_nn_88802d2acb5143958988e27c4c6c66d0/ops-nn-master/build -DENABLE_VALGRIND=FALSE -DCMAKE_BUILD_TYPE=Release -DENABLE_MSSANITIZER=FALSE -DENABLE_OOM=FALSE -DENABLE_COVERAGE=FALSE -DENABLE_TEST=FALSE -DENABLE_UT_EXEC=TRUE -DENABLE_CUSTOM=TRUE -DENABLE_STATIC=FALSE -DASCEND_OP_NAME=swi_glu -DVENDOR_NAME=swi_glu -DENABLE_BINARY=TRUE -DENABLE_PACKAGE=TRUE -DENABLE_EXPERIMENTAL=FALSE -DNO_FORCE=FALSE -DBUILD_MODE= -DOP_HOST_UT=FALSE -DOP_API_UT=FALSE -DOP_KERNEL_UT=FALSE -DOP_KERNEL_AICPU_UT=FALSE -DUT_TEST_ALL=FALSE -DASCEND_COMPUTE_UNIT=ascend910_93; -DCANN_3RD_LIB_PATH=/home/l00936201/AscendC-copliot/tmp/ops_nn_88802d2acb5143958988e27c4c6c66d0/ops-nn-master/build/third_party
[2026-01-27 10:51:06] -- The C compiler identification is GNU 10.3.1
[2026-01-27 10:51:06] -- The CXX compiler identification is GNU 10.3.1
[2026-01-27 10:51:06] -- Detecting C compiler ABI info
[2026-01-27 10:51:06] -- Detecting C compiler ABI info - done
[2026-01-27 10:51:06] -- Check for working C compiler: /usr/bin/cc - skipped
[2026-01-27 10:51:06] -- Detecting C compile features
[2026-01-27 10:51:06] -- Detecting C compile features - done
[2026-01-27 10:51:06] -- Detecting CXX compiler ABI info
[2026-01-27 10:51:06] -- Detecting CXX compiler ABI info - done
[2026-01-27 10:51:06] -- Check for working CXX compiler: /usr/bin/c++ - skipped
[2026-01-27 10:51:06] -- Detecting CXX compile features
[2026-01-27 10:51:06] -- Detecting CXX compile features - done
[2026-01-27 10:51:06] -- compile project with library
[2026-01-27 10:51:06] -- Search libs under install path /usr/local/Ascend/ascend-toolkit/latest
[2026-01-27 10:51:06] -- CMAKE_MODULE_PATH            :/home/l00936201/AscendC-copliot/tmp/ops_nn_88802d2acb5143958988e27c4c6c66d0/ops-nn-master/cmake/modules
[2026-01-27 10:51:06] -- compile option:  -O2 -Wall -Wextra -Wshadow -Wformat=2 -fno-common -fPIC -Wforma
2026-01-27 10:51:06,653 - eval_operator - INFO - --- STDERR (head) ---
CMake Error at /usr/share/cmake/Modules/FindPackageHandleStandardArgs.cmake:230 (message):
  Could NOT find OPBASE (missing: OPBASE_INC_DIR)
Call Stack (most recent call first):
  /usr/share/cmake/Modules/FindPackageHandleStandardArgs.cmake:594 (_FPHSA_FAILURE_MESSAGE)
  cmake/modules/FindOPBASE.cmake:40 (find_package_handle_standard_args)
  cmake/dependencies.cmake:69 (find_package)
  CMakeLists.txt:97 (include)



2026-01-27 10:51:06,656 - openevolve.evaluator - INFO - Evaluated program aaa25fcc-0ad9-48e6-999f-21d04ee4cf1b in 2.67s: combined_score=0.0000
2026-01-27 10:51:06,657 - openevolve.database - INFO - New MAP-Elites cell occupied in island 0: {'complexity': 5, 'diversity': 0}
2026-01-27 10:51:06,658 - openevolve.process_parallel - INFO - Initialized process parallel controller with 1 workers
2026-01-27 10:51:06,659 - openevolve.process_parallel - INFO - Started process pool with 1 processes
2026-01-27 10:51:06,659 - openevolve.controller - INFO - Using island-based evolution with 3 islands
2026-01-27 10:51:06,659 - openevolve.database - INFO - Island Status:
2026-01-27 10:51:06,659 - openevolve.database - INFO -  * Island 0: 1 programs, best=0.0000, avg=0.0000, diversity=0.00, gen=0 (best: aaa25fcc-0ad9-48e6-999f-21d04ee4cf1b)
2026-01-27 10:51:06,659 - openevolve.database - INFO -    Island 1: 0 programs, best=0.0000, avg=0.0000, diversity=0.00, gen=0
2026-01-27 10:51:06,660 - openevolve.database - INFO -    Island 2: 0 programs, best=0.0000, avg=0.0000, diversity=0.00, gen=0
2026-01-27 10:51:06,660 - openevolve.process_parallel - INFO - Starting process-based evolution from iteration 1 for 30 iterations (total: 31)
2026-01-27 10:51:06,666 - openevolve.process_parallel - INFO - Early stopping disabled
2026-01-27 10:51:06,687 - openevolve.llm.ensemble - INFO - Initialized LLM ensemble with models: deepseek-v3 (weight: 0.80), deepseek-v3 (weight: 0.20)
2026-01-27 10:51:06,706 - openevolve.llm.ensemble - INFO - Initialized LLM ensemble with models: deepseek-v3 (weight: 0.80), deepseek-v3 (weight: 0.20)
2026-01-27 10:51:06,706 - openevolve.prompt.sampler - INFO - Set custom templates: system=evaluator_system_message, user=None
2026-01-27 10:51:06,707 - openevolve.evaluator - INFO - Successfully loaded evaluation function from /home/l00936201/AscendC-copliot/openevolve/optimization/eval_test.py
2026-01-27 10:51:06,707 - openevolve.evaluator - INFO - Initialized evaluator with /home/l00936201/AscendC-copliot/openevolve/optimization/eval_test.py
2026-01-27 10:51:06,708 - openevolve.llm.ensemble - INFO - Sampled model: deepseek-v3
2026-01-27 10:51:17,678 - httpx - INFO - HTTP Request: POST https://api.pandalla.ai/v1/chat/completions "HTTP/1.1 200 OK"
2026-01-27 10:51:17,696 - eval_operator - INFO - ================================================================================
2026-01-27 10:51:17,697 - eval_operator - INFO - BEGIN eval: category=activation op_name=swi_glu
2026-01-27 10:51:17,697 - eval_operator - INFO - BASE_OPS_NN_ROOT: /home/l00936201/AscendC-copliot/ops-x/ops-nn
2026-01-27 10:51:17,697 - eval_operator - INFO - TMP_PARENT:       /home/l00936201/AscendC-copliot/tmp
2026-01-27 10:51:17,697 - eval_operator - INFO - MSPROF_BIN:       /usr/local/Ascend/ascend-toolkit/latest/tools/profiler/bin/msprof
2026-01-27 10:51:17,697 - eval_operator - INFO - python_code_path: /home/l00936201/AscendC-copliot/openevolve/optimization/ut/test_swi_glu.py
2026-01-27 10:51:17,697 - eval_operator - INFO - kernel_files: []
2026-01-27 10:51:17,697 - eval_operator - INFO - host_files:   ['swi_glu_tiling.cpp']
2026-01-27 10:51:17,697 - eval_operator - INFO - Locating operator dir: /home/l00936201/AscendC-copliot/ops-x/ops-nn/activation/swi_glu
2026-01-27 10:51:17,697 - eval_operator - INFO - Verifying requested replacement files exist in BASE tree...
2026-01-27 10:51:17,697 - eval_operator - INFO - Host dir:   /home/l00936201/AscendC-copliot/ops-x/ops-nn/activation/swi_glu/op_host
2026-01-27 10:51:17,697 - eval_operator - INFO - Verify host file exists (recursive): swi_glu_tiling.cpp -> /home/l00936201/AscendC-copliot/ops-x/ops-nn/activation/swi_glu/op_host/swi_glu_tiling.cpp
2026-01-27 10:51:17,698 - eval_operator - INFO - Copy base tree:
  FROM: /home/l00936201/AscendC-copliot/ops-x/ops-nn
  TO:   /home/l00936201/AscendC-copliot/tmp/ops_nn_a7d1c367c56e4ca7a4dcbb1a23f54926/ops-nn-master
2026-01-27 10:51:19,678 - eval_operator - INFO - TMP ops root created: /home/l00936201/AscendC-copliot/tmp/ops_nn_a7d1c367c56e4ca7a4dcbb1a23f54926/ops-nn-master
2026-01-27 10:51:19,678 - eval_operator - INFO - Replacing files in TMP operator dir: /home/l00936201/AscendC-copliot/tmp/ops_nn_a7d1c367c56e4ca7a4dcbb1a23f54926/ops-nn-master/activation/swi_glu
2026-01-27 10:51:19,679 - eval_operator - INFO - Replace host file: swi_glu_tiling.cpp -> /home/l00936201/AscendC-copliot/tmp/ops_nn_a7d1c367c56e4ca7a4dcbb1a23f54926/ops-nn-master/activation/swi_glu/op_host/swi_glu_tiling.cpp (len=25914 chars)
2026-01-27 10:51:19,679 - eval_operator - INFO - Staging python code into TMP test_duration:
  src: /home/l00936201/AscendC-copliot/openevolve/optimization/ut/test_swi_glu.py
2026-01-27 10:51:19,679 - eval_operator - INFO -   dst: /home/l00936201/AscendC-copliot/tmp/ops_nn_a7d1c367c56e4ca7a4dcbb1a23f54926/ops-nn-master/test_duration/test_swi_glu.py
2026-01-27 10:51:19,680 - eval_operator - INFO - Cleaning build directories in TMP root: /home/l00936201/AscendC-copliot/tmp/ops_nn_a7d1c367c56e4ca7a4dcbb1a23f54926/ops-nn-master
2026-01-27 10:51:19,680 - eval_operator - INFO -   No build* directories found to remove.
2026-01-27 10:51:19,680 - eval_operator - INFO - Building operator 'swi_glu' ...
2026-01-27 10:51:19,680 - eval_operator - INFO - Run cmd:
  cwd: /home/l00936201/AscendC-copliot/tmp/ops_nn_a7d1c367c56e4ca7a4dcbb1a23f54926/ops-nn-master
  cmd: bash build.sh --pkg --soc=ascend910_93 --ops=swi_glu --vendor_name=swi_glu
2026-01-27 10:51:20,373 - eval_operator - INFO - Command return code: 1
2026-01-27 10:51:20,374 - eval_operator - INFO - --- STDOUT (head) ---
[2026-01-27 10:51:19] COMPUTE_UNIT: ascend910_93;
[2026-01-27 10:51:19] CMAKE_ARGS: -DBUILD_PATH=/home/l00936201/AscendC-copliot/tmp/ops_nn_a7d1c367c56e4ca7a4dcbb1a23f54926/ops-nn-master/build -DENABLE_VALGRIND=FALSE -DCMAKE_BUILD_TYPE=Release -DENABLE_MSSANITIZER=FALSE -DENABLE_OOM=FALSE -DENABLE_COVERAGE=FALSE -DENABLE_TEST=FALSE -DENABLE_UT_EXEC=TRUE -DENABLE_CUSTOM=TRUE -DENABLE_STATIC=FALSE -DASCEND_OP_NAME=swi_glu -DVENDOR_NAME=swi_glu -DENABLE_BINARY=TRUE -DENABLE_PACKAGE=TRUE -DENABLE_EXPERIMENTAL=FALSE -DNO_FORCE=FALSE -DBUILD_MODE= -DOP_HOST_UT=FALSE -DOP_API_UT=FALSE -DOP_KERNEL_UT=FALSE -DOP_KERNEL_AICPU_UT=FALSE -DUT_TEST_ALL=FALSE -DASCEND_COMPUTE_UNIT=ascend910_93; -DCANN_3RD_LIB_PATH=/home/l00936201/AscendC-copliot/tmp/ops_nn_a7d1c367c56e4ca7a4dcbb1a23f54926/ops-nn-master/build/third_party
[2026-01-27 10:51:19] -- The C compiler identification is GNU 10.3.1
[2026-01-27 10:51:19] -- The CXX compiler identification is GNU 10.3.1
[2026-01-27 10:51:19] -- Detecting C compiler ABI info
[2026-01-27 10:51:20] -- Detecting C compiler ABI info - done
[2026-01-27 10:51:20] -- Check for working C compiler: /usr/bin/cc - skipped
[2026-01-27 10:51:20] -- Detecting C compile features
[2026-01-27 10:51:20] -- Detecting C compile features - done
[2026-01-27 10:51:20] -- Detecting CXX compiler ABI info
[2026-01-27 10:51:20] -- Detecting CXX compiler ABI info - done
[2026-01-27 10:51:20] -- Check for working CXX compiler: /usr/bin/c++ - skipped
[2026-01-27 10:51:20] -- Detecting CXX compile features
[2026-01-27 10:51:20] -- Detecting CXX compile features - done
[2026-01-27 10:51:20] -- compile project with library
[2026-01-27 10:51:20] -- Search libs under install path /usr/local/Ascend/ascend-toolkit/latest
[2026-01-27 10:51:20] -- CMAKE_MODULE_PATH            :/home/l00936201/AscendC-copliot/tmp/ops_nn_a7d1c367c56e4ca7a4dcbb1a23f54926/ops-nn-master/cmake/modules
[2026-01-27 10:51:20] -- compile option:  -O2 -Wall -Wextra -Wshadow -Wformat=2 -fno-common -fPIC -Wforma
2026-01-27 10:51:20,374 - eval_operator - INFO - --- STDERR (head) ---
CMake Error at /usr/share/cmake/Modules/FindPackageHandleStandardArgs.cmake:230 (message):
  Could NOT find OPBASE (missing: OPBASE_INC_DIR)
Call Stack (most recent call first):
  /usr/share/cmake/Modules/FindPackageHandleStandardArgs.cmake:594 (_FPHSA_FAILURE_MESSAGE)
  cmake/modules/FindOPBASE.cmake:40 (find_package_handle_standard_args)
  cmake/dependencies.cmake:69 (find_package)
  CMakeLists.txt:97 (include)



2026-01-27 10:51:20,375 - openevolve.evaluator - INFO - Evaluated program 6aa58eed-1184-453a-820c-573f33859732 in 2.68s: combined_score=0.0000
2026-01-27 10:51:20,377 - openevolve.llm.ensemble - INFO - Sampled model: deepseek-v3
2026-01-27 10:51:20,385 - openevolve.process_parallel - INFO - Iteration 1: Program 6aa58eed-1184-453a-820c-573f33859732 (parent: aaa25fcc-0ad9-48e6-999f-21d04ee4cf1b) completed in 13.67s
2026-01-27 10:51:20,386 - openevolve.process_parallel - INFO - Metrics: combined_score=0.0000
2026-01-27 10:51:20,386 - openevolve.process_parallel - INFO - Checkpoint interval reached at iteration 1
2026-01-27 10:51:20,386 - openevolve.database - INFO - Island Status:
2026-01-27 10:51:20,386 - openevolve.database - INFO -  * Island 0: 1 programs, best=0.0000, avg=0.0000, diversity=0.00, gen=1 (best: aaa25fcc-0ad9-48e6-999f-21d04ee4cf1b)
2026-01-27 10:51:20,386 - openevolve.database - INFO -    Island 1: 0 programs, best=0.0000, avg=0.0000, diversity=0.00, gen=0
2026-01-27 10:51:20,386 - openevolve.database - INFO -    Island 2: 0 programs, best=0.0000, avg=0.0000, diversity=0.00, gen=0
2026-01-27 10:51:20,387 - openevolve.database - INFO - Saved database with 1 programs to /home/l00936201/AscendC-copliot/openevolve/optimization/activation/swi_glu/test_swi_glu/checkpoints/checkpoint_1
2026-01-27 10:51:20,387 - openevolve.controller - INFO - Saved best program at checkpoint 1 with metrics: combined_score=0.0000
2026-01-27 10:51:20,388 - openevolve.controller - INFO - Saved checkpoint at iteration 1 to /home/l00936201/AscendC-copliot/openevolve/optimization/activation/swi_glu/test_swi_glu/checkpoints/checkpoint_1
2026-01-27 10:51:22,215 - openevolve.controller - INFO - Received signal 2, initiating graceful shutdown...
2026-01-27 10:51:22,215 - openevolve.controller - INFO - Received signal 2, initiating graceful shutdown...
2026-01-27 10:51:22,215 - openevolve.process_parallel - INFO - Graceful shutdown requested...
2026-01-27 10:51:22,215 - openevolve.process_parallel - INFO - Graceful shutdown requested...
2026-01-27 10:51:22,223 - openevolve.process_parallel - INFO - Shutdown requested, canceling remaining evaluations...
2026-01-27 10:51:22,223 - openevolve.process_parallel - INFO - âœ… Evolution completed - Shutdown requested
2026-01-27 10:51:22,223 - openevolve.controller - INFO - Evolution stopped due to shutdown request
2026-01-27 10:51:22,905 - openevolve.controller - INFO - Force exit requested - terminating immediately
2026-01-27 10:51:22,905 - openevolve.controller - INFO - Force exit requested - terminating immediately
2026-01-27 10:51:23,151 - openevolve.controller - INFO - Force exit requested - terminating immediately
2026-01-27 10:51:23,151 - openevolve.controller - INFO - Force exit requested - terminating immediately
2026-01-27 10:51:23,155 - openevolve.llm.ensemble - INFO - Sampled model: deepseek-v3
2026-01-27 10:51:31,349 - httpx - INFO - HTTP Request: POST https://api.pandalla.ai/v1/chat/completions "HTTP/1.1 200 OK"
